[0.034s] Invoking command in '/home/user/robo/build/robo_control': CMAKE_PREFIX_PATH=/opt/ros/humble /usr/bin/cmake --build /home/user/robo/build/robo_control -- -j4 -l4
[0.254s] -- Found ament_cmake: 1.3.12 (/opt/ros/humble/share/ament_cmake/cmake)
[0.521s] -- Found rclcpp: 16.0.16 (/opt/ros/humble/share/rclcpp/cmake)
[0.634s] -- Found rosidl_generator_c: 3.1.7 (/opt/ros/humble/share/rosidl_generator_c/cmake)
[0.642s] -- Found rosidl_adapter: 3.1.7 (/opt/ros/humble/share/rosidl_adapter/cmake)
[0.669s] -- Found rosidl_generator_cpp: 3.1.7 (/opt/ros/humble/share/rosidl_generator_cpp/cmake)
[0.702s] -- Using all available rosidl_typesupport_c: rosidl_typesupport_fastrtps_c;rosidl_typesupport_introspection_c
[0.739s] -- Using all available rosidl_typesupport_cpp: rosidl_typesupport_fastrtps_cpp;rosidl_typesupport_introspection_cpp
[0.844s] -- Found rmw_implementation_cmake: 6.1.2 (/opt/ros/humble/share/rmw_implementation_cmake/cmake)
[0.852s] -- Found rmw_fastrtps_cpp: 6.2.9 (/opt/ros/humble/share/rmw_fastrtps_cpp/cmake)
[1.048s] -- Using RMW implementation 'rmw_fastrtps_cpp' as default
[1.189s] -- Found controller_interface: 2.52.2 (/opt/ros/humble/share/controller_interface/cmake)
[1.510s] -- Found ament_lint_auto: 0.12.14 (/opt/ros/humble/share/ament_lint_auto/cmake)
[1.639s] -- Added test 'cppcheck' to perform static code analysis on C / C++ code
[1.639s] -- Configured cppcheck include dirs: 
[1.639s] -- Configured cppcheck exclude dirs and/or files: 
[1.641s] -- Added test 'flake8' to check Python code syntax and style conventions
[1.642s] -- Added test 'lint_cmake' to check CMake code style
[1.644s] -- Added test 'pep257' to check Python code against some of the docstring style conventions in PEP 257
[1.648s] -- Added test 'uncrustify' to check C / C++ code style
[1.649s] -- Configured uncrustify additional arguments: 
[1.649s] -- Added test 'xmllint' to check XML markup files
[1.660s] -- Configuring done
[1.690s] -- Generating done
[1.696s] -- Build files have been written to: /home/user/robo/build/robo_control
[1.754s] [35m[1mConsolidate compiler generated dependencies of target hardware[0m
[1.829s] [ 50%] [32mBuilding CXX object CMakeFiles/hardware.dir/src/hardware.cpp.o[0m
[2.747s] [01m[K/home/user/robo/src/robo_control/src/hardware.cpp:7:10:[m[K [01;31m[Kfatal error: [m[Kpigpio.h: No such file or directory
[2.747s]     7 | #include [01;31m[K<pigpio.h>[m[K
[2.747s]       |          [01;31m[K^~~~~~~~~~[m[K
[2.747s] compilation terminated.
[2.755s] gmake[2]: *** [CMakeFiles/hardware.dir/build.make:76: CMakeFiles/hardware.dir/src/hardware.cpp.o] Error 1
[2.756s] gmake[1]: *** [CMakeFiles/Makefile2:137: CMakeFiles/hardware.dir/all] Error 2
[2.756s] gmake: *** [Makefile:146: all] Error 2
[2.759s] Invoked command in '/home/user/robo/build/robo_control' returned '2': CMAKE_PREFIX_PATH=/opt/ros/humble /usr/bin/cmake --build /home/user/robo/build/robo_control -- -j4 -l4
